Hmm ... looks like a package
This is pdfTeX, Version 3.1415926-2.4-1.40.13 (TeX Live 2012/Debian)
 restricted \write18 enabled.
entering extended mode
(./Rd2.tex
LaTeX2e <2011/06/27>
Babel <v3.8m> and hyphenation patterns for english, dumylang, nohyphenation, lo
aded.

(/usr/share/texlive/texmf-dist/tex/latex/base/book.cls
Document Class: book 2007/10/19 v1.4h Standard LaTeX document class
(/usr/share/texlive/texmf-dist/tex/latex/base/bk10.clo))
(/usr/share/R/share/texmf/tex/latex/Rd.sty
(/usr/share/texlive/texmf-dist/tex/latex/base/ifthen.sty)
(/usr/share/texlive/texmf-dist/tex/latex/tools/longtable.sty)
(/usr/share/texlive/texmf-dist/tex/latex/tools/bm.sty)
(/usr/share/texlive/texmf-dist/tex/latex/base/alltt.sty)
(/usr/share/texlive/texmf-dist/tex/latex/tools/verbatim.sty)

! LaTeX Error: File `url.sty' not found.

Type X to quit or <RETURN> to proceed,
or enter new name. (Default extension: sty)

Enter file name: 
! Emergency stop.
<read *> 
         
l.45 \RequirePackage
                    {textcomp}        % for \textquotesingle etc^^M
!  ==> Fatal error occurred, no output PDF file produced!
Transcript written on Rd2.log.
Error in texi2dvi(file = file, pdf = TRUE, clean = clean, quiet = quiet,  : 
  unable to run 'pdflatex' on 'Rd2.tex'
This is pdfTeX, Version 3.1415926-2.4-1.40.13 (TeX Live 2012/Debian)
 restricted \write18 enabled.
entering extended mode
(./Rd2.tex
LaTeX2e <2011/06/27>
Babel <v3.8m> and hyphenation patterns for english, dumylang, nohyphenation, lo
aded.

(/usr/share/texlive/texmf-dist/tex/latex/base/book.cls
Document Class: book 2007/10/19 v1.4h Standard LaTeX document class
(/usr/share/texlive/texmf-dist/tex/latex/base/bk10.clo))
(/usr/share/R/share/texmf/tex/latex/Rd.sty
(/usr/share/texlive/texmf-dist/tex/latex/base/ifthen.sty)
(/usr/share/texlive/texmf-dist/tex/latex/tools/longtable.sty)
(/usr/share/texlive/texmf-dist/tex/latex/tools/bm.sty)
(/usr/share/texlive/texmf-dist/tex/latex/base/alltt.sty)
(/usr/share/texlive/texmf-dist/tex/latex/tools/verbatim.sty)

! LaTeX Error: File `url.sty' not found.

Type X to quit or <RETURN> to proceed,
or enter new name. (Default extension: sty)

Enter file name: 
! Emergency stop.
<read *> 
         
l.45 \RequirePackage
                    {textcomp}        % for \textquotesingle etc^^M
!  ==> Fatal error occurred, no output PDF file produced!
Transcript written on Rd2.log.
Error in texi2dvi(file = file, pdf = TRUE, clean = clean, quiet = quiet,  : 
  unable to run 'pdflatex' on 'Rd2.tex'
Error in running tools::texi2pdf()
You may want to clean up by 'rm -rf /tmp/RtmpA8HoT9/Rd2pdf11fb7b51eb0a'
